<?xml version="1.0" encoding="UTF-8"?>
<!-- Generated by org.testng.reporters.JUnitXMLReporter -->
<testsuite ignored="0" hostname="Prashant" failures="0" tests="5" name="Test" time="57.456" errors="0" timestamp="2023-09-07T14:02:45 IST">
  <testcase classname="TestNG.TestNG_Demo" name="googleSearch" time="30.368"/>
  <testcase classname="TestNG.TestNG_Demo2" name="googleSearch2" time="33.221"/>
  <testcase classname="TestNG.TestNG_Demo2" name="googleSearch3" time="5.257"/>
  <testcase classname="TestNG.TestNG_Demo" name="clickOnLink" time="12.569"/>
  <testcase classname="TestNG.TestNG_Demo2" name="clickOnLink2" time="16.189"/>
</testsuite> <!-- Test -->
